Determining if the pthread_create exist failed with the following output:
Change Dir: /home/thinh/Study/Udacity-Sensor-Fusion/Lidar-Obstacle-Detection/build/CMakeFiles/CMakeTmp

Run Build Command:"/usr/bin/make" "cmTC_61282/fast"
/usr/bin/make -f CMakeFiles/cmTC_61282.dir/build.make CMakeFiles/cmTC_61282.dir/build
make[1]: Entering directory '/home/thinh/Study/Udacity-Sensor-Fusion/Lidar-Obstacle-Detection/build/CMakeFiles/CMakeTmp'
Building C object CMakeFiles/cmTC_61282.dir/CheckSymbolExists.c.o
/usr/bin/cc    -o CMakeFiles/cmTC_61282.dir/CheckSymbolExists.c.o   -c /home/thinh/Study/Udacity-Sensor-Fusion/Lidar-Obstacle-Detection/build/CMakeFiles/CMakeTmp/CheckSymbolExists.c
Linking C executable cmTC_61282
/usr/bin/cmake -E cmake_link_script CMakeFiles/cmTC_61282.dir/link.txt --verbose=1
/usr/bin/cc      -rdynamic CMakeFiles/cmTC_61282.dir/CheckSymbolExists.c.o  -o cmTC_61282 
CMakeFiles/cmTC_61282.dir/CheckSymbolExists.c.o: In function `main':
CheckSymbolExists.c:(.text+0x1b): undefined reference to `pthread_create'
collect2: error: ld returned 1 exit status
CMakeFiles/cmTC_61282.dir/build.make:97: recipe for target 'cmTC_61282' failed
make[1]: *** [cmTC_61282] Error 1
make[1]: Leaving directory '/home/thinh/Study/Udacity-Sensor-Fusion/Lidar-Obstacle-Detection/build/CMakeFiles/CMakeTmp'
Makefile:126: recipe for target 'cmTC_61282/fast' failed
make: *** [cmTC_61282/fast] Error 2

File /home/thinh/Study/Udacity-Sensor-Fusion/Lidar-Obstacle-Detection/build/CMakeFiles/CMakeTmp/CheckSymbolExists.c:
/* */
#include <pthread.h>

int main(int argc, char** argv)
{
  (void)argv;
#ifndef pthread_create
  return ((int*)(&pthread_create))[argc];
#else
  (void)argc;
  return 0;
#endif
}

Determining if the function pthread_create exists in the pthreads failed with the following output:
Change Dir: /home/thinh/Study/Udacity-Sensor-Fusion/Lidar-Obstacle-Detection/build/CMakeFiles/CMakeTmp

Run Build Command:"/usr/bin/make" "cmTC_00d96/fast"
/usr/bin/make -f CMakeFiles/cmTC_00d96.dir/build.make CMakeFiles/cmTC_00d96.dir/build
make[1]: Entering directory '/home/thinh/Study/Udacity-Sensor-Fusion/Lidar-Obstacle-Detection/build/CMakeFiles/CMakeTmp'
Building C object CMakeFiles/cmTC_00d96.dir/CheckFunctionExists.c.o
/usr/bin/cc   -DCHECK_FUNCTION_EXISTS=pthread_create   -o CMakeFiles/cmTC_00d96.dir/CheckFunctionExists.c.o   -c /usr/share/cmake-3.10/Modules/CheckFunctionExists.c
Linking C executable cmTC_00d96
/usr/bin/cmake -E cmake_link_script CMakeFiles/cmTC_00d96.dir/link.txt --verbose=1
/usr/bin/cc  -DCHECK_FUNCTION_EXISTS=pthread_create    -rdynamic CMakeFiles/cmTC_00d96.dir/CheckFunctionExists.c.o  -o cmTC_00d96 -lpthreads 
/usr/bin/ld: cannot find -lpthreads
collect2: error: ld returned 1 exit status
CMakeFiles/cmTC_00d96.dir/build.make:97: recipe for target 'cmTC_00d96' failed
make[1]: *** [cmTC_00d96] Error 1
make[1]: Leaving directory '/home/thinh/Study/Udacity-Sensor-Fusion/Lidar-Obstacle-Detection/build/CMakeFiles/CMakeTmp'
Makefile:126: recipe for target 'cmTC_00d96/fast' failed
make: *** [cmTC_00d96/fast] Error 2


